<?xml version="1.0" encoding="UTF-8" ?>
<testsuite errors="0" failures="7" hostname="Dell" name="gravitas.SongControllerSpec" tests="7" time="0.552" timestamp="2014-09-18T09:01:47">
  <properties />
  <testcase classname="gravitas.SongControllerSpec" name="Test the index action returns the correct model" time="0.28">
    <failure message="Condition not satisfied:&#xa;&#xa;model.songInstanceCount == 0&#xa;|     |                 |&#xa;[:]   null              false&#xa;" type="junit.framework.AssertionFailedError">junit.framework.AssertionFailedError: Condition not satisfied:

model.songInstanceCount == 0
|     |                 |
[:]   null              false

	at gravitas.SongControllerSpec.Test the index action returns the correct model(SongControllerSpec.groovy:25)
</failure>
  </testcase>
  <testcase classname="gravitas.SongControllerSpec" name="Test the create action returns the correct model" time="0.034">
    <failure message="Condition not satisfied:&#xa;&#xa;model.songInstance!= null&#xa;|     |           |&#xa;[:]   null        false&#xa;" type="junit.framework.AssertionFailedError">junit.framework.AssertionFailedError: Condition not satisfied:

model.songInstance!= null
|     |           |
[:]   null        false

	at gravitas.SongControllerSpec.Test the create action returns the correct model(SongControllerSpec.groovy:33)
</failure>
  </testcase>
  <testcase classname="gravitas.SongControllerSpec" name="Test the save action correctly persists an instance" time="0.039">
    <failure message="Condition not satisfied:&#xa;&#xa;model.songInstance!= null&#xa;|     |           |&#xa;[:]   null        false&#xa;" type="junit.framework.AssertionFailedError">junit.framework.AssertionFailedError: Condition not satisfied:

model.songInstance!= null
|     |           |
[:]   null        false

	at gravitas.SongControllerSpec.Test the save action correctly persists an instance(SongControllerSpec.groovy:46)
</failure>
  </testcase>
  <testcase classname="gravitas.SongControllerSpec" name="Test that the show action returns the correct model" time="0.039">
    <failure message="Condition not satisfied:&#xa;&#xa;model.songInstance == song&#xa;|     |            |  |&#xa;[:]   null         |  gravitas.Song : (unsaved)&#xa;                   false&#xa;" type="junit.framework.AssertionFailedError">junit.framework.AssertionFailedError: Condition not satisfied:

model.songInstance == song
|     |            |  |
[:]   null         |  gravitas.Song : (unsaved)
                   false

	at gravitas.SongControllerSpec.Test that the show action returns the correct model(SongControllerSpec.groovy:75)
</failure>
  </testcase>
  <testcase classname="gravitas.SongControllerSpec" name="Test that the edit action returns the correct model" time="0.034">
    <failure message="Condition not satisfied:&#xa;&#xa;model.songInstance == song&#xa;|     |            |  |&#xa;[:]   null         |  gravitas.Song : (unsaved)&#xa;                   false&#xa;" type="junit.framework.AssertionFailedError">junit.framework.AssertionFailedError: Condition not satisfied:

model.songInstance == song
|     |            |  |
[:]   null         |  gravitas.Song : (unsaved)
                   false

	at gravitas.SongControllerSpec.Test that the edit action returns the correct model(SongControllerSpec.groovy:91)
</failure>
  </testcase>
  <testcase classname="gravitas.SongControllerSpec" name="Test the update action performs an update on a valid domain instance" time="0.066">
    <failure message="Condition not satisfied:&#xa;&#xa;response.redirectedUrl == &apos;/song/index&apos;&#xa;|        |             |&#xa;|        /data/songs   false&#xa;|                      9 differences (18% similarity)&#xa;|                      /(data)/(so)n(gs-)&#xa;|                      /(song)/(i-)n(dex)&#xa;org.codehaus.groovy.grails.plugins.testing.GrailsMockHttpServletResponse@23f9daa7&#xa;" type="junit.framework.AssertionFailedError">junit.framework.AssertionFailedError: Condition not satisfied:

response.redirectedUrl == &apos;/song/index&apos;
|        |             |
|        /data/songs   false
|                      9 differences (18% similarity)
|                      /(data)/(so)n(gs-)
|                      /(song)/(i-)n(dex)
org.codehaus.groovy.grails.plugins.testing.GrailsMockHttpServletResponse@23f9daa7

	at gravitas.SongControllerSpec.Test the update action performs an update on a valid domain instance(SongControllerSpec.groovy:101)
</failure>
  </testcase>
  <testcase classname="gravitas.SongControllerSpec" name="Test that the delete action deletes an instance if it exists" time="0.044">
    <failure message="Condition not satisfied:&#xa;&#xa;response.redirectedUrl == &apos;/song/index&apos;&#xa;|        |             |&#xa;|        /data/songs   false&#xa;|                      9 differences (18% similarity)&#xa;|                      /(data)/(so)n(gs-)&#xa;|                      /(song)/(i-)n(dex)&#xa;org.codehaus.groovy.grails.plugins.testing.GrailsMockHttpServletResponse@21f9ac50&#xa;" type="junit.framework.AssertionFailedError">junit.framework.AssertionFailedError: Condition not satisfied:

response.redirectedUrl == &apos;/song/index&apos;
|        |             |
|        /data/songs   false
|                      9 differences (18% similarity)
|                      /(data)/(so)n(gs-)
|                      /(song)/(i-)n(dex)
org.codehaus.groovy.grails.plugins.testing.GrailsMockHttpServletResponse@21f9ac50

	at gravitas.SongControllerSpec.Test that the delete action deletes an instance if it exists(SongControllerSpec.groovy:133)
</failure>
  </testcase>
  <system-out><![CDATA[--Output from Test the index action returns the correct model--
--Output from Test the create action returns the correct model--
--Output from Test the save action correctly persists an instance--
--Output from Test that the show action returns the correct model--
--Output from Test that the edit action returns the correct model--
--Output from Test the update action performs an update on a valid domain instance--
--Output from Test that the delete action deletes an instance if it exists--
]]></system-out>
  <system-err><![CDATA[--Output from Test the index action returns the correct model--
--Output from Test the create action returns the correct model--
--Output from Test the save action correctly persists an instance--
--Output from Test that the show action returns the correct model--
--Output from Test that the edit action returns the correct model--
--Output from Test the update action performs an update on a valid domain instance--
--Output from Test that the delete action deletes an instance if it exists--
]]></system-err>
</testsuite>
